e:\computer systems\systemc-2.3.3\examples\sysc\risc_cpu\debug\vc142.pdb
e:\computer systems\systemc-2.3.3\examples\sysc\risc_cpu\debug\vc142.idb
e:\computer systems\systemc-2.3.3\examples\sysc\risc_cpu\debug\bios.obj
e:\computer systems\systemc-2.3.3\examples\sysc\risc_cpu\debug\dcache.obj
e:\computer systems\systemc-2.3.3\examples\sysc\risc_cpu\debug\decode.obj
e:\computer systems\systemc-2.3.3\examples\sysc\risc_cpu\debug\exec.obj
e:\computer systems\systemc-2.3.3\examples\sysc\risc_cpu\debug\fetch.obj
e:\computer systems\systemc-2.3.3\examples\sysc\risc_cpu\debug\floating.obj
e:\computer systems\systemc-2.3.3\examples\sysc\risc_cpu\debug\icache.obj
e:\computer systems\systemc-2.3.3\examples\sysc\risc_cpu\debug\main.obj
e:\computer systems\systemc-2.3.3\examples\sysc\risc_cpu\debug\mmxu.obj
e:\computer systems\systemc-2.3.3\examples\sysc\risc_cpu\debug\paging.obj
e:\computer systems\systemc-2.3.3\examples\sysc\risc_cpu\debug\pic.obj
e:\computer systems\systemc-2.3.3\examples\sysc\risc_cpu\debug\risc_cpu.exe
e:\computer systems\systemc-2.3.3\examples\sysc\risc_cpu\debug\risc_cpu.ilk
e:\computer systems\systemc-2.3.3\examples\sysc\risc_cpu\debug\risc_cpu.pdb
e:\computer systems\systemc-2.3.3\examples\sysc\risc_cpu\debug\risc_cpu.tlog\cl.command.1.tlog
e:\computer systems\systemc-2.3.3\examples\sysc\risc_cpu\debug\risc_cpu.tlog\cl.read.1.tlog
e:\computer systems\systemc-2.3.3\examples\sysc\risc_cpu\debug\risc_cpu.tlog\cl.write.1.tlog
e:\computer systems\systemc-2.3.3\examples\sysc\risc_cpu\debug\risc_cpu.tlog\link.command.1.tlog
e:\computer systems\systemc-2.3.3\examples\sysc\risc_cpu\debug\risc_cpu.tlog\link.read.1.tlog
e:\computer systems\systemc-2.3.3\examples\sysc\risc_cpu\debug\risc_cpu.tlog\link.write.1.tlog
